2026-03-16 12:18:15,843 [INFO] ============================================================
2026-03-16 12:18:15,869 [INFO] ============================================================
2026-03-16 12:18:16,263 [WARNING] Skipping employee 'sanket vavaliya' (userid: 03) Ч empty integration_reference
2026-03-16 12:18:16,264 [WARNING] Skipping employee 'Bhupendra Singh' (userid: 09) Ч empty integration_reference
2026-03-16 12:18:16,264 [WARNING] Skipping employee 'PALIBEN BHALIYA' (userid: 11) Ч empty integration_reference
2026-03-16 12:18:16,264 [WARNING] Skipping employee 'Payal Gosh' (userid: 12) Ч empty integration_reference
2026-03-16 12:18:16,264 [WARNING] Skipping employee 'Diya Patel' (userid: 13) Ч empty integration_reference
2026-03-16 12:18:16,264 [WARNING] Skipping employee 'Shianta Devi' (userid: 14) Ч empty integration_reference
2026-03-16 12:18:16,265 [WARNING] Skipping employee 'Tina Vanjara' (userid: 15) Ч empty integration_reference
2026-03-16 12:18:16,265 [WARNING] Skipping employee 'Uma Devi' (userid: 16) Ч empty integration_reference
2026-03-16 12:18:16,265 [WARNING] Skipping employee 'Kanti Devi' (userid: 17) Ч empty integration_reference
2026-03-16 12:18:16,265 [WARNING] Skipping employee 'Sadhana Ahire' (userid: 19) Ч empty integration_reference
2026-03-16 12:18:16,265 [WARNING] Skipping employee 'Honey Bhalia' (userid: 20) Ч empty integration_reference
2026-03-16 12:18:16,265 [WARNING] Skipping employee 'Balraj Pawra' (userid: 21) Ч empty integration_reference
2026-03-16 12:18:16,265 [WARNING] Skipping employee 'Kalpana Birhdhare' (userid: 22) Ч empty integration_reference
2026-03-16 12:18:16,266 [WARNING] Skipping employee 'Kanti Sisodiya' (userid: 23) Ч empty integration_reference
2026-03-16 12:18:16,266 [WARNING] Skipping employee 'Kalu Dave' (userid: 24) Ч empty integration_reference
2026-03-16 12:18:16,266 [WARNING] Skipping employee 'Reema Vasava' (userid: 26) Ч empty integration_reference
2026-03-16 12:18:16,266 [WARNING] Skipping employee 'Riddhi Makwana' (userid: 27) Ч empty integration_reference
2026-03-16 12:18:16,266 [WARNING] Skipping employee 'Brijesh Viradiya' (userid: 28) Ч empty integration_reference
2026-03-16 12:18:16,267 [WARNING] Skipping employee 'Rajendra Prasad' (userid: 30) Ч empty integration_reference
2026-03-16 12:18:16,267 [WARNING] Skipping employee 'Reena Chaudhari' (userid: 31) Ч empty integration_reference
2026-03-16 12:18:16,267 [WARNING] Skipping employee 'Janvi Tailor' (userid: 32) Ч empty integration_reference
2026-03-16 12:18:16,267 [WARNING] Skipping employee 'Suhani Rathod' (userid: 33) Ч empty integration_reference
2026-03-16 12:18:16,267 [WARNING] Skipping employee 'Malani lisa' (userid: 34) Ч empty integration_reference
2026-03-16 12:18:16,267 [WARNING] Skipping employee 'Surbhi Vasava' (userid: 35) Ч empty integration_reference
2026-03-16 12:18:16,267 [WARNING] Skipping employee 'KIRITBHAI LUMBANI' (userid: 36) Ч empty integration_reference
2026-03-16 12:18:16,268 [WARNING] Skipping employee 'Ahmed' (userid: 37) Ч empty integration_reference
2026-03-16 12:18:16,268 [WARNING] Skipping employee 'Reena Bhil' (userid: 40) Ч empty integration_reference
2026-03-16 12:18:16,268 [WARNING] Skipping employee 'Manishaben Ramesh Mistry' (userid: 43) Ч empty integration_reference
2026-03-16 12:18:16,268 [WARNING] Skipping employee 'Radhaben Makwana' (userid: 44) Ч empty integration_reference
2026-03-16 12:18:16,268 [WARNING] Skipping employee 'Anju Rathod' (userid: 46) Ч empty integration_reference
2026-03-16 12:18:16,268 [WARNING] Skipping employee 'NISHA RATHOD' (userid: 48) Ч empty integration_reference
2026-03-16 12:18:16,268 [WARNING] Skipping employee 'HARESH RATHOD' (userid: 50) Ч empty integration_reference
2026-03-16 12:18:16,268 [WARNING] Skipping employee 'KAJAL CHAUHAN' (userid: 52) Ч empty integration_reference
2026-03-16 12:18:16,268 [WARNING] Skipping employee 'SATYARTH PANSURIYA' (userid: 53) Ч empty integration_reference
2026-03-16 12:18:16,268 [WARNING] Skipping employee 'HARSH MAKWANA' (userid: 54) Ч empty integration_reference
2026-03-16 12:18:16,269 [WARNING] Skipping employee 'KASHISH AJAY PATEL' (userid: 56) Ч empty integration_reference
2026-03-16 12:18:16,269 [WARNING] Skipping employee 'KRUSHNA BHAGWAN GHUDE' (userid: 57) Ч empty integration_reference
2026-03-16 12:18:16,269 [WARNING] Skipping employee 'MITESH TAILOR' (userid: 58) Ч empty integration_reference
2026-03-16 12:18:16,269 [WARNING] Skipping employee 'HINABEN VASAVA' (userid: 59) Ч empty integration_reference
2026-03-16 12:18:16,269 [WARNING] Skipping employee 'SHILPABEN PATEL' (userid: 60) Ч empty integration_reference
2026-03-16 12:18:16,269 [WARNING] Skipping employee 'PRAVINBHAI BHAYANI' (userid: 61) Ч empty integration_reference
2026-03-16 12:18:16,269 [WARNING] Skipping employee 'DHAVAL SANJANWALA' (userid: 62) Ч empty integration_reference
2026-03-16 12:18:16,269 [WARNING] Skipping employee 'RUNNI KUMARI' (userid: 63) Ч empty integration_reference
2026-03-16 12:18:16,269 [WARNING] Skipping employee 'SAKU BEN' (userid: 64) Ч empty integration_reference
2026-03-16 12:18:16,269 [WARNING] Skipping employee 'SOMABHAI MALI' (userid: 65) Ч empty integration_reference
2026-03-16 12:18:16,270 [WARNING] Skipping employee 'ANKIT VASAVA' (userid: 66) Ч empty integration_reference
2026-03-16 12:18:16,270 [WARNING] Skipping employee 'DURGA KUMAVAT' (userid: 67) Ч empty integration_reference
2026-03-16 12:18:16,270 [WARNING] Skipping employee 'JANKEE BARIA' (userid: 68) Ч empty integration_reference
2026-03-16 12:18:16,270 [INFO] COSEC: Fetched 50 records. Valid: 2, Skipped (no ref): 48
2026-03-16 12:18:16,270 [INFO] Processing 2 employee record(s)...
2026-03-16 12:18:16,749 [INFO] HRMS login successful.
2026-03-16 12:18:16,841 [INFO] [Harmit Bathani] COSEC punches: 1 | HRMS punches: 0
2026-03-16 12:18:16,841 [INFO] [Harmit Bathani] 1 new punch(es) to push: ['08:42:35']
2026-03-16 12:18:16,958 [INFO] [Mayank Patel] COSEC punches: 4 | HRMS punches: 0
2026-03-16 12:18:16,959 [INFO] [Mayank Patel] 4 new punch(es) to push: ['09:40:53', '09:53:06', '10:04:53', '10:36:03']
2026-03-16 12:18:16,970 [INFO] Sending batch clock-IN for 3 punch(es)...
2026-03-16 12:18:17,989 [INFO] Clock-IN Summary Ч Total: 3, Success: 2, Failed: 1
2026-03-16 12:18:17,994 [INFO] Sending batch clock-OUT for 2 punch(es)...
2026-03-16 12:18:18,557 [INFO] Clock-OUT Summary Ч Total: 2, Success: 1, Failed: 1
2026-03-16 12:18:18,562 [INFO] ============================================================
2026-03-16 12:18:18,562 [INFO] Sync Complete Ч Total: 2 | Pushed: 2 | In-sync: 0 | Skipped: 0 | Errors: 0
2026-03-16 12:18:18,562 [INFO] ============================================================
2026-03-16 12:19:12,986 [INFO] ============================================================
2026-03-16 12:19:12,988 [INFO] ============================================================
2026-03-16 12:19:13,394 [WARNING] Skipping employee 'sanket vavaliya' (userid: 03) Ч empty integration_reference
2026-03-16 12:19:13,394 [WARNING] Skipping employee 'Bhupendra Singh' (userid: 09) Ч empty integration_reference
2026-03-16 12:19:13,395 [WARNING] Skipping employee 'PALIBEN BHALIYA' (userid: 11) Ч empty integration_reference
2026-03-16 12:19:13,395 [WARNING] Skipping employee 'Payal Gosh' (userid: 12) Ч empty integration_reference
2026-03-16 12:19:13,395 [WARNING] Skipping employee 'Diya Patel' (userid: 13) Ч empty integration_reference
2026-03-16 12:19:13,395 [WARNING] Skipping employee 'Shianta Devi' (userid: 14) Ч empty integration_reference
2026-03-16 12:19:13,395 [WARNING] Skipping employee 'Tina Vanjara' (userid: 15) Ч empty integration_reference
2026-03-16 12:19:13,396 [WARNING] Skipping employee 'Uma Devi' (userid: 16) Ч empty integration_reference
2026-03-16 12:19:13,396 [WARNING] Skipping employee 'Kanti Devi' (userid: 17) Ч empty integration_reference
2026-03-16 12:19:13,396 [WARNING] Skipping employee 'Sadhana Ahire' (userid: 19) Ч empty integration_reference
2026-03-16 12:19:13,396 [WARNING] Skipping employee 'Honey Bhalia' (userid: 20) Ч empty integration_reference
2026-03-16 12:19:13,396 [WARNING] Skipping employee 'Balraj Pawra' (userid: 21) Ч empty integration_reference
2026-03-16 12:19:13,396 [WARNING] Skipping employee 'Kalpana Birhdhare' (userid: 22) Ч empty integration_reference
2026-03-16 12:19:13,396 [WARNING] Skipping employee 'Kanti Sisodiya' (userid: 23) Ч empty integration_reference
2026-03-16 12:19:13,396 [WARNING] Skipping employee 'Kalu Dave' (userid: 24) Ч empty integration_reference
2026-03-16 12:19:13,397 [WARNING] Skipping employee 'Reema Vasava' (userid: 26) Ч empty integration_reference
2026-03-16 12:19:13,397 [WARNING] Skipping employee 'Riddhi Makwana' (userid: 27) Ч empty integration_reference
2026-03-16 12:19:13,397 [WARNING] Skipping employee 'Brijesh Viradiya' (userid: 28) Ч empty integration_reference
2026-03-16 12:19:13,397 [WARNING] Skipping employee 'Rajendra Prasad' (userid: 30) Ч empty integration_reference
2026-03-16 12:19:13,397 [WARNING] Skipping employee 'Reena Chaudhari' (userid: 31) Ч empty integration_reference
2026-03-16 12:19:13,397 [WARNING] Skipping employee 'Janvi Tailor' (userid: 32) Ч empty integration_reference
2026-03-16 12:19:13,398 [WARNING] Skipping employee 'Suhani Rathod' (userid: 33) Ч empty integration_reference
2026-03-16 12:19:13,398 [WARNING] Skipping employee 'Malani lisa' (userid: 34) Ч empty integration_reference
2026-03-16 12:19:13,398 [WARNING] Skipping employee 'Surbhi Vasava' (userid: 35) Ч empty integration_reference
2026-03-16 12:19:13,398 [WARNING] Skipping employee 'KIRITBHAI LUMBANI' (userid: 36) Ч empty integration_reference
2026-03-16 12:19:13,398 [WARNING] Skipping employee 'Ahmed' (userid: 37) Ч empty integration_reference
2026-03-16 12:19:13,398 [WARNING] Skipping employee 'Reena Bhil' (userid: 40) Ч empty integration_reference
2026-03-16 12:19:13,398 [WARNING] Skipping employee 'Manishaben Ramesh Mistry' (userid: 43) Ч empty integration_reference
2026-03-16 12:19:13,399 [WARNING] Skipping employee 'Radhaben Makwana' (userid: 44) Ч empty integration_reference
2026-03-16 12:19:13,399 [WARNING] Skipping employee 'Anju Rathod' (userid: 46) Ч empty integration_reference
2026-03-16 12:19:13,399 [WARNING] Skipping employee 'NISHA RATHOD' (userid: 48) Ч empty integration_reference
2026-03-16 12:19:13,399 [WARNING] Skipping employee 'HARESH RATHOD' (userid: 50) Ч empty integration_reference
2026-03-16 12:19:13,399 [WARNING] Skipping employee 'KAJAL CHAUHAN' (userid: 52) Ч empty integration_reference
2026-03-16 12:19:13,399 [WARNING] Skipping employee 'SATYARTH PANSURIYA' (userid: 53) Ч empty integration_reference
2026-03-16 12:19:13,399 [WARNING] Skipping employee 'HARSH MAKWANA' (userid: 54) Ч empty integration_reference
2026-03-16 12:19:13,399 [WARNING] Skipping employee 'KASHISH AJAY PATEL' (userid: 56) Ч empty integration_reference
2026-03-16 12:19:13,400 [WARNING] Skipping employee 'KRUSHNA BHAGWAN GHUDE' (userid: 57) Ч empty integration_reference
2026-03-16 12:19:13,400 [WARNING] Skipping employee 'MITESH TAILOR' (userid: 58) Ч empty integration_reference
2026-03-16 12:19:13,400 [WARNING] Skipping employee 'HINABEN VASAVA' (userid: 59) Ч empty integration_reference
2026-03-16 12:19:13,400 [WARNING] Skipping employee 'SHILPABEN PATEL' (userid: 60) Ч empty integration_reference
2026-03-16 12:19:13,400 [WARNING] Skipping employee 'PRAVINBHAI BHAYANI' (userid: 61) Ч empty integration_reference
2026-03-16 12:19:13,400 [WARNING] Skipping employee 'DHAVAL SANJANWALA' (userid: 62) Ч empty integration_reference
2026-03-16 12:19:13,400 [WARNING] Skipping employee 'RUNNI KUMARI' (userid: 63) Ч empty integration_reference
2026-03-16 12:19:13,400 [WARNING] Skipping employee 'SAKU BEN' (userid: 64) Ч empty integration_reference
2026-03-16 12:19:13,400 [WARNING] Skipping employee 'SOMABHAI MALI' (userid: 65) Ч empty integration_reference
2026-03-16 12:19:13,401 [WARNING] Skipping employee 'ANKIT VASAVA' (userid: 66) Ч empty integration_reference
2026-03-16 12:19:13,401 [WARNING] Skipping employee 'DURGA KUMAVAT' (userid: 67) Ч empty integration_reference
2026-03-16 12:19:13,401 [WARNING] Skipping employee 'JANKEE BARIA' (userid: 68) Ч empty integration_reference
2026-03-16 12:19:13,401 [INFO] COSEC: Fetched 50 records. Valid: 2, Skipped (no ref): 48
2026-03-16 12:19:13,401 [INFO] Processing 2 employee record(s)...
2026-03-16 12:19:13,874 [INFO] HRMS login successful.
2026-03-16 12:19:13,973 [INFO] [Harmit Bathani] COSEC punches: 1 | HRMS punches: 1
2026-03-16 12:19:13,973 [INFO] [Harmit Bathani] No new punches. Already in sync.
2026-03-16 12:19:14,097 [INFO] [Mayank Patel] COSEC punches: 4 | HRMS punches: 2
2026-03-16 12:19:14,098 [INFO] [Mayank Patel] 2 new punch(es) to push: ['10:04:53', '10:36:03']
2026-03-16 12:19:14,101 [INFO] Sending batch clock-IN for 1 punch(es)...
2026-03-16 12:19:14,574 [INFO] Clock-IN Summary Ч Total: 1, Success: 1, Failed: 0
2026-03-16 12:19:14,579 [INFO] Sending batch clock-OUT for 1 punch(es)...
2026-03-16 12:19:15,122 [INFO] Clock-OUT Summary Ч Total: 1, Success: 1, Failed: 0
2026-03-16 12:19:15,123 [INFO] ============================================================
2026-03-16 12:19:15,124 [INFO] Sync Complete Ч Total: 2 | Pushed: 1 | In-sync: 1 | Skipped: 0 | Errors: 0
2026-03-16 12:19:15,124 [INFO] ============================================================
2026-03-16 12:19:36,326 [INFO] ============================================================
2026-03-16 12:19:36,328 [INFO] ============================================================
2026-03-16 12:19:36,723 [WARNING] Skipping employee 'sanket vavaliya' (userid: 03) Ч empty integration_reference
2026-03-16 12:19:36,724 [WARNING] Skipping employee 'Bhupendra Singh' (userid: 09) Ч empty integration_reference
2026-03-16 12:19:36,724 [WARNING] Skipping employee 'PALIBEN BHALIYA' (userid: 11) Ч empty integration_reference
2026-03-16 12:19:36,724 [WARNING] Skipping employee 'Payal Gosh' (userid: 12) Ч empty integration_reference
2026-03-16 12:19:36,725 [WARNING] Skipping employee 'Diya Patel' (userid: 13) Ч empty integration_reference
2026-03-16 12:19:36,725 [WARNING] Skipping employee 'Shianta Devi' (userid: 14) Ч empty integration_reference
2026-03-16 12:19:36,725 [WARNING] Skipping employee 'Tina Vanjara' (userid: 15) Ч empty integration_reference
2026-03-16 12:19:36,726 [WARNING] Skipping employee 'Uma Devi' (userid: 16) Ч empty integration_reference
2026-03-16 12:19:36,726 [WARNING] Skipping employee 'Kanti Devi' (userid: 17) Ч empty integration_reference
2026-03-16 12:19:36,726 [WARNING] Skipping employee 'Sadhana Ahire' (userid: 19) Ч empty integration_reference
2026-03-16 12:19:36,726 [WARNING] Skipping employee 'Honey Bhalia' (userid: 20) Ч empty integration_reference
2026-03-16 12:19:36,727 [WARNING] Skipping employee 'Balraj Pawra' (userid: 21) Ч empty integration_reference
2026-03-16 12:19:36,727 [WARNING] Skipping employee 'Kalpana Birhdhare' (userid: 22) Ч empty integration_reference
2026-03-16 12:19:36,727 [WARNING] Skipping employee 'Kanti Sisodiya' (userid: 23) Ч empty integration_reference
2026-03-16 12:19:36,727 [WARNING] Skipping employee 'Kalu Dave' (userid: 24) Ч empty integration_reference
2026-03-16 12:19:36,727 [WARNING] Skipping employee 'Reema Vasava' (userid: 26) Ч empty integration_reference
2026-03-16 12:19:36,727 [WARNING] Skipping employee 'Riddhi Makwana' (userid: 27) Ч empty integration_reference
2026-03-16 12:19:36,728 [WARNING] Skipping employee 'Brijesh Viradiya' (userid: 28) Ч empty integration_reference
2026-03-16 12:19:36,728 [WARNING] Skipping employee 'Rajendra Prasad' (userid: 30) Ч empty integration_reference
2026-03-16 12:19:36,728 [WARNING] Skipping employee 'Reena Chaudhari' (userid: 31) Ч empty integration_reference
2026-03-16 12:19:36,728 [WARNING] Skipping employee 'Janvi Tailor' (userid: 32) Ч empty integration_reference
2026-03-16 12:19:36,728 [WARNING] Skipping employee 'Suhani Rathod' (userid: 33) Ч empty integration_reference
2026-03-16 12:19:36,728 [WARNING] Skipping employee 'Malani lisa' (userid: 34) Ч empty integration_reference
2026-03-16 12:19:36,728 [WARNING] Skipping employee 'Surbhi Vasava' (userid: 35) Ч empty integration_reference
2026-03-16 12:19:36,729 [WARNING] Skipping employee 'KIRITBHAI LUMBANI' (userid: 36) Ч empty integration_reference
2026-03-16 12:19:36,729 [WARNING] Skipping employee 'Ahmed' (userid: 37) Ч empty integration_reference
2026-03-16 12:19:36,729 [WARNING] Skipping employee 'Reena Bhil' (userid: 40) Ч empty integration_reference
2026-03-16 12:19:36,729 [WARNING] Skipping employee 'Manishaben Ramesh Mistry' (userid: 43) Ч empty integration_reference
2026-03-16 12:19:36,729 [WARNING] Skipping employee 'Radhaben Makwana' (userid: 44) Ч empty integration_reference
2026-03-16 12:19:36,729 [WARNING] Skipping employee 'Anju Rathod' (userid: 46) Ч empty integration_reference
2026-03-16 12:19:36,729 [WARNING] Skipping employee 'NISHA RATHOD' (userid: 48) Ч empty integration_reference
2026-03-16 12:19:36,730 [WARNING] Skipping employee 'HARESH RATHOD' (userid: 50) Ч empty integration_reference
2026-03-16 12:19:36,730 [WARNING] Skipping employee 'KAJAL CHAUHAN' (userid: 52) Ч empty integration_reference
2026-03-16 12:19:36,730 [WARNING] Skipping employee 'SATYARTH PANSURIYA' (userid: 53) Ч empty integration_reference
2026-03-16 12:19:36,730 [WARNING] Skipping employee 'HARSH MAKWANA' (userid: 54) Ч empty integration_reference
2026-03-16 12:19:36,731 [WARNING] Skipping employee 'KASHISH AJAY PATEL' (userid: 56) Ч empty integration_reference
2026-03-16 12:19:36,731 [WARNING] Skipping employee 'KRUSHNA BHAGWAN GHUDE' (userid: 57) Ч empty integration_reference
2026-03-16 12:19:36,732 [WARNING] Skipping employee 'MITESH TAILOR' (userid: 58) Ч empty integration_reference
2026-03-16 12:19:36,732 [WARNING] Skipping employee 'HINABEN VASAVA' (userid: 59) Ч empty integration_reference
2026-03-16 12:19:36,733 [WARNING] Skipping employee 'SHILPABEN PATEL' (userid: 60) Ч empty integration_reference
2026-03-16 12:19:36,733 [WARNING] Skipping employee 'PRAVINBHAI BHAYANI' (userid: 61) Ч empty integration_reference
2026-03-16 12:19:36,734 [WARNING] Skipping employee 'DHAVAL SANJANWALA' (userid: 62) Ч empty integration_reference
2026-03-16 12:19:36,734 [WARNING] Skipping employee 'RUNNI KUMARI' (userid: 63) Ч empty integration_reference
2026-03-16 12:19:36,734 [WARNING] Skipping employee 'SAKU BEN' (userid: 64) Ч empty integration_reference
2026-03-16 12:19:36,735 [WARNING] Skipping employee 'SOMABHAI MALI' (userid: 65) Ч empty integration_reference
2026-03-16 12:19:36,735 [WARNING] Skipping employee 'ANKIT VASAVA' (userid: 66) Ч empty integration_reference
2026-03-16 12:19:36,735 [WARNING] Skipping employee 'DURGA KUMAVAT' (userid: 67) Ч empty integration_reference
2026-03-16 12:19:36,735 [WARNING] Skipping employee 'JANKEE BARIA' (userid: 68) Ч empty integration_reference
2026-03-16 12:19:36,735 [INFO] COSEC: Fetched 50 records. Valid: 2, Skipped (no ref): 48
2026-03-16 12:19:36,736 [INFO] Processing 2 employee record(s)...
2026-03-16 12:19:37,218 [INFO] HRMS login successful.
2026-03-16 12:19:37,334 [INFO] [Harmit Bathani] COSEC punches: 1 | HRMS punches: 1
2026-03-16 12:19:37,335 [INFO] [Harmit Bathani] No new punches. Already in sync.
2026-03-16 12:19:37,425 [INFO] [Mayank Patel] COSEC punches: 4 | HRMS punches: 4
2026-03-16 12:19:37,426 [INFO] [Mayank Patel] No new punches. Already in sync.
2026-03-16 12:19:37,427 [INFO] No clock-INs to send.
2026-03-16 12:19:37,427 [INFO] No clock-OUTs to send.
2026-03-16 12:19:37,428 [INFO] ============================================================
2026-03-16 12:19:37,428 [INFO] Sync Complete Ч Total: 2 | Pushed: 0 | In-sync: 2 | Skipped: 0 | Errors: 0
2026-03-16 12:19:37,428 [INFO] ============================================================
2026-03-16 12:26:25,566 [INFO] ============================================================
2026-03-16 12:26:25,568 [INFO] ============================================================
2026-03-16 12:26:25,984 [WARNING] Skipping employee 'sanket vavaliya' (userid: 03) Ч empty integration_reference
2026-03-16 12:26:25,985 [WARNING] Skipping employee 'Bhupendra Singh' (userid: 09) Ч empty integration_reference
2026-03-16 12:26:25,985 [WARNING] Skipping employee 'PALIBEN BHALIYA' (userid: 11) Ч empty integration_reference
2026-03-16 12:26:25,986 [WARNING] Skipping employee 'Payal Gosh' (userid: 12) Ч empty integration_reference
2026-03-16 12:26:25,986 [WARNING] Skipping employee 'Diya Patel' (userid: 13) Ч empty integration_reference
2026-03-16 12:26:25,986 [WARNING] Skipping employee 'Shianta Devi' (userid: 14) Ч empty integration_reference
2026-03-16 12:26:25,987 [WARNING] Skipping employee 'Tina Vanjara' (userid: 15) Ч empty integration_reference
2026-03-16 12:26:25,987 [WARNING] Skipping employee 'Uma Devi' (userid: 16) Ч empty integration_reference
2026-03-16 12:26:25,987 [WARNING] Skipping employee 'Kanti Devi' (userid: 17) Ч empty integration_reference
2026-03-16 12:26:25,987 [WARNING] Skipping employee 'Sadhana Ahire' (userid: 19) Ч empty integration_reference
2026-03-16 12:26:25,988 [WARNING] Skipping employee 'Honey Bhalia' (userid: 20) Ч empty integration_reference
2026-03-16 12:26:25,988 [WARNING] Skipping employee 'Balraj Pawra' (userid: 21) Ч empty integration_reference
2026-03-16 12:26:25,988 [WARNING] Skipping employee 'Kalpana Birhdhare' (userid: 22) Ч empty integration_reference
2026-03-16 12:26:25,988 [WARNING] Skipping employee 'Kanti Sisodiya' (userid: 23) Ч empty integration_reference
2026-03-16 12:26:25,989 [WARNING] Skipping employee 'Kalu Dave' (userid: 24) Ч empty integration_reference
2026-03-16 12:26:25,989 [WARNING] Skipping employee 'Reema Vasava' (userid: 26) Ч empty integration_reference
2026-03-16 12:26:25,989 [WARNING] Skipping employee 'Riddhi Makwana' (userid: 27) Ч empty integration_reference
2026-03-16 12:26:25,989 [WARNING] Skipping employee 'Brijesh Viradiya' (userid: 28) Ч empty integration_reference
2026-03-16 12:26:25,989 [WARNING] Skipping employee 'Rajendra Prasad' (userid: 30) Ч empty integration_reference
2026-03-16 12:26:25,989 [WARNING] Skipping employee 'Reena Chaudhari' (userid: 31) Ч empty integration_reference
2026-03-16 12:26:25,990 [WARNING] Skipping employee 'Janvi Tailor' (userid: 32) Ч empty integration_reference
2026-03-16 12:26:25,990 [WARNING] Skipping employee 'Suhani Rathod' (userid: 33) Ч empty integration_reference
2026-03-16 12:26:25,990 [WARNING] Skipping employee 'Malani lisa' (userid: 34) Ч empty integration_reference
2026-03-16 12:26:25,990 [WARNING] Skipping employee 'Surbhi Vasava' (userid: 35) Ч empty integration_reference
2026-03-16 12:26:25,990 [WARNING] Skipping employee 'KIRITBHAI LUMBANI' (userid: 36) Ч empty integration_reference
2026-03-16 12:26:25,990 [WARNING] Skipping employee 'Ahmed' (userid: 37) Ч empty integration_reference
2026-03-16 12:26:25,991 [WARNING] Skipping employee 'Reena Bhil' (userid: 40) Ч empty integration_reference
2026-03-16 12:26:25,991 [WARNING] Skipping employee 'Manishaben Ramesh Mistry' (userid: 43) Ч empty integration_reference
2026-03-16 12:26:25,991 [WARNING] Skipping employee 'Radhaben Makwana' (userid: 44) Ч empty integration_reference
2026-03-16 12:26:25,991 [WARNING] Skipping employee 'Anju Rathod' (userid: 46) Ч empty integration_reference
2026-03-16 12:26:25,992 [WARNING] Skipping employee 'NISHA RATHOD' (userid: 48) Ч empty integration_reference
2026-03-16 12:26:25,992 [WARNING] Skipping employee 'HARESH RATHOD' (userid: 50) Ч empty integration_reference
2026-03-16 12:26:25,992 [WARNING] Skipping employee 'KAJAL CHAUHAN' (userid: 52) Ч empty integration_reference
2026-03-16 12:26:25,993 [WARNING] Skipping employee 'SATYARTH PANSURIYA' (userid: 53) Ч empty integration_reference
2026-03-16 12:26:25,993 [WARNING] Skipping employee 'HARSH MAKWANA' (userid: 54) Ч empty integration_reference
2026-03-16 12:26:25,994 [WARNING] Skipping employee 'KASHISH AJAY PATEL' (userid: 56) Ч empty integration_reference
2026-03-16 12:26:25,994 [WARNING] Skipping employee 'KRUSHNA BHAGWAN GHUDE' (userid: 57) Ч empty integration_reference
2026-03-16 12:26:25,994 [WARNING] Skipping employee 'MITESH TAILOR' (userid: 58) Ч empty integration_reference
2026-03-16 12:26:25,994 [WARNING] Skipping employee 'HINABEN VASAVA' (userid: 59) Ч empty integration_reference
2026-03-16 12:26:25,994 [WARNING] Skipping employee 'SHILPABEN PATEL' (userid: 60) Ч empty integration_reference
2026-03-16 12:26:25,994 [WARNING] Skipping employee 'PRAVINBHAI BHAYANI' (userid: 61) Ч empty integration_reference
2026-03-16 12:26:25,995 [WARNING] Skipping employee 'DHAVAL SANJANWALA' (userid: 62) Ч empty integration_reference
2026-03-16 12:26:25,995 [WARNING] Skipping employee 'RUNNI KUMARI' (userid: 63) Ч empty integration_reference
2026-03-16 12:26:25,995 [WARNING] Skipping employee 'SAKU BEN' (userid: 64) Ч empty integration_reference
2026-03-16 12:26:25,995 [WARNING] Skipping employee 'SOMABHAI MALI' (userid: 65) Ч empty integration_reference
2026-03-16 12:26:25,995 [WARNING] Skipping employee 'ANKIT VASAVA' (userid: 66) Ч empty integration_reference
2026-03-16 12:26:25,995 [WARNING] Skipping employee 'DURGA KUMAVAT' (userid: 67) Ч empty integration_reference
2026-03-16 12:26:25,996 [WARNING] Skipping employee 'JANKEE BARIA' (userid: 68) Ч empty integration_reference
2026-03-16 12:26:25,996 [INFO] COSEC: Fetched 50 records. Valid: 2, Skipped (no ref): 48
2026-03-16 12:26:25,996 [INFO] Processing 2 employee record(s)...
2026-03-16 12:26:26,487 [INFO] HRMS login successful.
2026-03-16 12:26:26,601 [INFO] [Harmit Bathani] COSEC punches: 1 | HRMS punches: 1
2026-03-16 12:26:26,602 [INFO] [Harmit Bathani] No new punches. Already in sync.
2026-03-16 12:26:26,741 [INFO] [Mayank Patel] COSEC punches: 4 | HRMS punches: 4
2026-03-16 12:26:26,741 [INFO] [Mayank Patel] No new punches. Already in sync.
2026-03-16 12:26:26,741 [INFO] ============================================================
2026-03-16 12:26:26,742 [INFO] Sync Complete Ч Total: 2 | Pushed: 0 | In-sync: 2 | Skipped: 0 | Errors: 0
2026-03-16 12:26:26,742 [INFO] ============================================================
2026-03-16 12:27:55,101 [INFO] ============================================================
2026-03-16 12:27:55,102 [INFO] ============================================================
2026-03-16 12:27:55,497 [WARNING] Skipping employee 'sanket vavaliya' (userid: 03) Ч empty integration_reference
2026-03-16 12:27:55,498 [WARNING] Skipping employee 'Bhupendra Singh' (userid: 09) Ч empty integration_reference
2026-03-16 12:27:55,498 [WARNING] Skipping employee 'PALIBEN BHALIYA' (userid: 11) Ч empty integration_reference
2026-03-16 12:27:55,499 [WARNING] Skipping employee 'Payal Gosh' (userid: 12) Ч empty integration_reference
2026-03-16 12:27:55,499 [WARNING] Skipping employee 'Diya Patel' (userid: 13) Ч empty integration_reference
2026-03-16 12:27:55,500 [WARNING] Skipping employee 'Shianta Devi' (userid: 14) Ч empty integration_reference
2026-03-16 12:27:55,500 [WARNING] Skipping employee 'Tina Vanjara' (userid: 15) Ч empty integration_reference
2026-03-16 12:27:55,500 [WARNING] Skipping employee 'Uma Devi' (userid: 16) Ч empty integration_reference
2026-03-16 12:27:55,501 [WARNING] Skipping employee 'Kanti Devi' (userid: 17) Ч empty integration_reference
2026-03-16 12:27:55,501 [WARNING] Skipping employee 'Sadhana Ahire' (userid: 19) Ч empty integration_reference
2026-03-16 12:27:55,501 [WARNING] Skipping employee 'Honey Bhalia' (userid: 20) Ч empty integration_reference
2026-03-16 12:27:55,501 [WARNING] Skipping employee 'Balraj Pawra' (userid: 21) Ч empty integration_reference
2026-03-16 12:27:55,501 [WARNING] Skipping employee 'Kalpana Birhdhare' (userid: 22) Ч empty integration_reference
2026-03-16 12:27:55,501 [WARNING] Skipping employee 'Kanti Sisodiya' (userid: 23) Ч empty integration_reference
2026-03-16 12:27:55,502 [WARNING] Skipping employee 'Kalu Dave' (userid: 24) Ч empty integration_reference
2026-03-16 12:27:55,502 [WARNING] Skipping employee 'Reema Vasava' (userid: 26) Ч empty integration_reference
2026-03-16 12:27:55,502 [WARNING] Skipping employee 'Riddhi Makwana' (userid: 27) Ч empty integration_reference
2026-03-16 12:27:55,502 [WARNING] Skipping employee 'Brijesh Viradiya' (userid: 28) Ч empty integration_reference
2026-03-16 12:27:55,502 [WARNING] Skipping employee 'Rajendra Prasad' (userid: 30) Ч empty integration_reference
2026-03-16 12:27:55,502 [WARNING] Skipping employee 'Reena Chaudhari' (userid: 31) Ч empty integration_reference
2026-03-16 12:27:55,502 [WARNING] Skipping employee 'Janvi Tailor' (userid: 32) Ч empty integration_reference
2026-03-16 12:27:55,502 [WARNING] Skipping employee 'Suhani Rathod' (userid: 33) Ч empty integration_reference
2026-03-16 12:27:55,502 [WARNING] Skipping employee 'Malani lisa' (userid: 34) Ч empty integration_reference
2026-03-16 12:27:55,502 [WARNING] Skipping employee 'Surbhi Vasava' (userid: 35) Ч empty integration_reference
2026-03-16 12:27:55,502 [WARNING] Skipping employee 'KIRITBHAI LUMBANI' (userid: 36) Ч empty integration_reference
2026-03-16 12:27:55,502 [WARNING] Skipping employee 'Ahmed' (userid: 37) Ч empty integration_reference
2026-03-16 12:27:55,503 [WARNING] Skipping employee 'Reena Bhil' (userid: 40) Ч empty integration_reference
2026-03-16 12:27:55,503 [WARNING] Skipping employee 'Manishaben Ramesh Mistry' (userid: 43) Ч empty integration_reference
2026-03-16 12:27:55,503 [WARNING] Skipping employee 'Radhaben Makwana' (userid: 44) Ч empty integration_reference
2026-03-16 12:27:55,503 [WARNING] Skipping employee 'Anju Rathod' (userid: 46) Ч empty integration_reference
2026-03-16 12:27:55,503 [WARNING] Skipping employee 'NISHA RATHOD' (userid: 48) Ч empty integration_reference
2026-03-16 12:27:55,503 [WARNING] Skipping employee 'HARESH RATHOD' (userid: 50) Ч empty integration_reference
2026-03-16 12:27:55,503 [WARNING] Skipping employee 'KAJAL CHAUHAN' (userid: 52) Ч empty integration_reference
2026-03-16 12:27:55,503 [WARNING] Skipping employee 'SATYARTH PANSURIYA' (userid: 53) Ч empty integration_reference
2026-03-16 12:27:55,503 [WARNING] Skipping employee 'HARSH MAKWANA' (userid: 54) Ч empty integration_reference
2026-03-16 12:27:55,503 [WARNING] Skipping employee 'KASHISH AJAY PATEL' (userid: 56) Ч empty integration_reference
2026-03-16 12:27:55,503 [WARNING] Skipping employee 'KRUSHNA BHAGWAN GHUDE' (userid: 57) Ч empty integration_reference
2026-03-16 12:27:55,503 [WARNING] Skipping employee 'MITESH TAILOR' (userid: 58) Ч empty integration_reference
2026-03-16 12:27:55,504 [WARNING] Skipping employee 'HINABEN VASAVA' (userid: 59) Ч empty integration_reference
2026-03-16 12:27:55,504 [WARNING] Skipping employee 'SHILPABEN PATEL' (userid: 60) Ч empty integration_reference
2026-03-16 12:27:55,504 [WARNING] Skipping employee 'PRAVINBHAI BHAYANI' (userid: 61) Ч empty integration_reference
2026-03-16 12:27:55,504 [WARNING] Skipping employee 'DHAVAL SANJANWALA' (userid: 62) Ч empty integration_reference
2026-03-16 12:27:55,504 [WARNING] Skipping employee 'RUNNI KUMARI' (userid: 63) Ч empty integration_reference
2026-03-16 12:27:55,504 [WARNING] Skipping employee 'SAKU BEN' (userid: 64) Ч empty integration_reference
2026-03-16 12:27:55,504 [WARNING] Skipping employee 'SOMABHAI MALI' (userid: 65) Ч empty integration_reference
2026-03-16 12:27:55,504 [WARNING] Skipping employee 'ANKIT VASAVA' (userid: 66) Ч empty integration_reference
2026-03-16 12:27:55,504 [WARNING] Skipping employee 'DURGA KUMAVAT' (userid: 67) Ч empty integration_reference
2026-03-16 12:27:55,504 [WARNING] Skipping employee 'JANKEE BARIA' (userid: 68) Ч empty integration_reference
2026-03-16 12:27:55,504 [INFO] COSEC: Fetched 50 records. Valid: 2, Skipped (no ref): 48
2026-03-16 12:27:55,505 [INFO] Processing 2 employee record(s)...
2026-03-16 12:27:55,968 [INFO] HRMS login successful.
2026-03-16 12:27:56,078 [INFO] [Harmit Bathani] COSEC punches: 1 | HRMS punches: 0
2026-03-16 12:27:56,078 [INFO] [Harmit Bathani] 1 new punch(es) to push: ['08:42:35']
2026-03-16 12:27:56,804 [INFO] [Mayank Patel] COSEC punches: 4 | HRMS punches: 0
2026-03-16 12:27:56,805 [INFO] [Mayank Patel] 4 new punch(es) to push: ['09:40:53', '09:53:06', '10:04:53', '10:36:03']
2026-03-16 12:27:59,099 [INFO] ============================================================
2026-03-16 12:27:59,099 [INFO] Sync Complete Ч Total: 2 | Pushed: 0 | In-sync: 0 | Skipped: 0 | Errors: 0
2026-03-16 12:27:59,099 [INFO] ============================================================
2026-03-16 12:31:25,619 [INFO] ============================================================
2026-03-16 12:31:25,619 [INFO] COSEC тЖТ HRMS Attendance Sync Started
2026-03-16 12:31:25,619 [INFO] ============================================================
2026-03-16 12:31:26,052 [WARNING] Skipping employee 'sanket vavaliya' (userid: 03) тАФ empty integration_reference
2026-03-16 12:31:26,053 [WARNING] Skipping employee 'Bhupendra Singh' (userid: 09) тАФ empty integration_reference
2026-03-16 12:31:26,053 [WARNING] Skipping employee 'PALIBEN BHALIYA' (userid: 11) тАФ empty integration_reference
2026-03-16 12:31:26,054 [WARNING] Skipping employee 'Payal Gosh' (userid: 12) тАФ empty integration_reference
2026-03-16 12:31:26,054 [WARNING] Skipping employee 'Diya Patel' (userid: 13) тАФ empty integration_reference
2026-03-16 12:31:26,054 [WARNING] Skipping employee 'Shianta Devi' (userid: 14) тАФ empty integration_reference
2026-03-16 12:31:26,054 [WARNING] Skipping employee 'Tina Vanjara' (userid: 15) тАФ empty integration_reference
2026-03-16 12:31:26,054 [WARNING] Skipping employee 'Uma Devi' (userid: 16) тАФ empty integration_reference
2026-03-16 12:31:26,055 [WARNING] Skipping employee 'Kanti Devi' (userid: 17) тАФ empty integration_reference
2026-03-16 12:31:26,055 [WARNING] Skipping employee 'Sadhana Ahire' (userid: 19) тАФ empty integration_reference
2026-03-16 12:31:26,055 [WARNING] Skipping employee 'Honey Bhalia' (userid: 20) тАФ empty integration_reference
2026-03-16 12:31:26,055 [WARNING] Skipping employee 'Balraj Pawra' (userid: 21) тАФ empty integration_reference
2026-03-16 12:31:26,056 [WARNING] Skipping employee 'Kalpana Birhdhare' (userid: 22) тАФ empty integration_reference
2026-03-16 12:31:26,056 [WARNING] Skipping employee 'Kanti Sisodiya' (userid: 23) тАФ empty integration_reference
2026-03-16 12:31:26,056 [WARNING] Skipping employee 'Kalu Dave' (userid: 24) тАФ empty integration_reference
2026-03-16 12:31:26,056 [WARNING] Skipping employee 'Reema Vasava' (userid: 26) тАФ empty integration_reference
2026-03-16 12:31:26,057 [WARNING] Skipping employee 'Riddhi Makwana' (userid: 27) тАФ empty integration_reference
2026-03-16 12:31:26,057 [WARNING] Skipping employee 'Brijesh Viradiya' (userid: 28) тАФ empty integration_reference
2026-03-16 12:31:26,057 [WARNING] Skipping employee 'Rajendra Prasad' (userid: 30) тАФ empty integration_reference
2026-03-16 12:31:26,057 [WARNING] Skipping employee 'Reena Chaudhari' (userid: 31) тАФ empty integration_reference
2026-03-16 12:31:26,057 [WARNING] Skipping employee 'Janvi Tailor' (userid: 32) тАФ empty integration_reference
2026-03-16 12:31:26,057 [WARNING] Skipping employee 'Suhani Rathod' (userid: 33) тАФ empty integration_reference
2026-03-16 12:31:26,058 [WARNING] Skipping employee 'Malani lisa' (userid: 34) тАФ empty integration_reference
2026-03-16 12:31:26,058 [WARNING] Skipping employee 'Surbhi Vasava' (userid: 35) тАФ empty integration_reference
2026-03-16 12:31:26,058 [WARNING] Skipping employee 'KIRITBHAI LUMBANI' (userid: 36) тАФ empty integration_reference
2026-03-16 12:31:26,058 [WARNING] Skipping employee 'Ahmed' (userid: 37) тАФ empty integration_reference
2026-03-16 12:31:26,058 [WARNING] Skipping employee 'Reena Bhil' (userid: 40) тАФ empty integration_reference
2026-03-16 12:31:26,058 [WARNING] Skipping employee 'Manishaben Ramesh Mistry' (userid: 43) тАФ empty integration_reference
2026-03-16 12:31:26,059 [WARNING] Skipping employee 'Radhaben Makwana' (userid: 44) тАФ empty integration_reference
2026-03-16 12:31:26,059 [WARNING] Skipping employee 'Anju Rathod' (userid: 46) тАФ empty integration_reference
2026-03-16 12:31:26,059 [WARNING] Skipping employee 'NISHA RATHOD' (userid: 48) тАФ empty integration_reference
2026-03-16 12:31:26,060 [WARNING] Skipping employee 'HARESH RATHOD' (userid: 50) тАФ empty integration_reference
2026-03-16 12:31:26,060 [WARNING] Skipping employee 'KAJAL CHAUHAN' (userid: 52) тАФ empty integration_reference
2026-03-16 12:31:26,060 [WARNING] Skipping employee 'SATYARTH PANSURIYA' (userid: 53) тАФ empty integration_reference
2026-03-16 12:31:26,060 [WARNING] Skipping employee 'HARSH MAKWANA' (userid: 54) тАФ empty integration_reference
2026-03-16 12:31:26,060 [WARNING] Skipping employee 'KASHISH AJAY PATEL' (userid: 56) тАФ empty integration_reference
2026-03-16 12:31:26,060 [WARNING] Skipping employee 'KRUSHNA BHAGWAN GHUDE' (userid: 57) тАФ empty integration_reference
2026-03-16 12:31:26,061 [WARNING] Skipping employee 'MITESH TAILOR' (userid: 58) тАФ empty integration_reference
2026-03-16 12:31:26,061 [WARNING] Skipping employee 'HINABEN VASAVA' (userid: 59) тАФ empty integration_reference
2026-03-16 12:31:26,061 [WARNING] Skipping employee 'SHILPABEN PATEL' (userid: 60) тАФ empty integration_reference
2026-03-16 12:31:26,061 [WARNING] Skipping employee 'PRAVINBHAI BHAYANI' (userid: 61) тАФ empty integration_reference
2026-03-16 12:31:26,061 [WARNING] Skipping employee 'DHAVAL SANJANWALA' (userid: 62) тАФ empty integration_reference
2026-03-16 12:31:26,061 [WARNING] Skipping employee 'RUNNI KUMARI' (userid: 63) тАФ empty integration_reference
2026-03-16 12:31:26,061 [WARNING] Skipping employee 'SAKU BEN' (userid: 64) тАФ empty integration_reference
2026-03-16 12:31:26,061 [WARNING] Skipping employee 'SOMABHAI MALI' (userid: 65) тАФ empty integration_reference
2026-03-16 12:31:26,062 [WARNING] Skipping employee 'ANKIT VASAVA' (userid: 66) тАФ empty integration_reference
2026-03-16 12:31:26,062 [WARNING] Skipping employee 'DURGA KUMAVAT' (userid: 67) тАФ empty integration_reference
2026-03-16 12:31:26,062 [WARNING] Skipping employee 'JANKEE BARIA' (userid: 68) тАФ empty integration_reference
2026-03-16 12:31:26,062 [INFO] COSEC: Fetched 50 records. Valid: 2, Skipped (no ref): 48
2026-03-16 12:31:26,063 [INFO] Processing 2 employee record(s)...
2026-03-16 12:31:26,523 [INFO] HRMS login successful.
2026-03-16 12:31:26,623 [INFO] [Harmit Bathani] COSEC punches: 1 | HRMS punches: 1
2026-03-16 12:31:26,623 [INFO] [Harmit Bathani] No new punches. Already in sync.
2026-03-16 12:31:26,732 [INFO] [Mayank Patel] COSEC punches: 4 | HRMS punches: 4
2026-03-16 12:31:26,733 [INFO] [Mayank Patel] No new punches. Already in sync.
2026-03-16 12:31:26,733 [INFO] ============================================================
2026-03-16 12:31:26,734 [INFO] Sync Complete тАФ Total: 2 | Pushed: 0 | In-sync: 2 | Skipped: 0 | Errors: 0
2026-03-16 12:31:26,734 [INFO] ============================================================
2026-03-16 12:31:55,629 [INFO] ============================================================
2026-03-16 12:31:55,630 [INFO] COSEC тЖТ HRMS Attendance Sync Started
2026-03-16 12:31:55,630 [INFO] ============================================================
2026-03-16 12:31:56,040 [WARNING] Skipping employee 'sanket vavaliya' (userid: 03) тАФ empty integration_reference
2026-03-16 12:31:56,041 [WARNING] Skipping employee 'Bhupendra Singh' (userid: 09) тАФ empty integration_reference
2026-03-16 12:31:56,042 [WARNING] Skipping employee 'PALIBEN BHALIYA' (userid: 11) тАФ empty integration_reference
2026-03-16 12:31:56,042 [WARNING] Skipping employee 'Payal Gosh' (userid: 12) тАФ empty integration_reference
2026-03-16 12:31:56,042 [WARNING] Skipping employee 'Diya Patel' (userid: 13) тАФ empty integration_reference
2026-03-16 12:31:56,042 [WARNING] Skipping employee 'Shianta Devi' (userid: 14) тАФ empty integration_reference
2026-03-16 12:31:56,042 [WARNING] Skipping employee 'Tina Vanjara' (userid: 15) тАФ empty integration_reference
2026-03-16 12:31:56,043 [WARNING] Skipping employee 'Uma Devi' (userid: 16) тАФ empty integration_reference
2026-03-16 12:31:56,043 [WARNING] Skipping employee 'Kanti Devi' (userid: 17) тАФ empty integration_reference
2026-03-16 12:31:56,043 [WARNING] Skipping employee 'Sadhana Ahire' (userid: 19) тАФ empty integration_reference
2026-03-16 12:31:56,043 [WARNING] Skipping employee 'Honey Bhalia' (userid: 20) тАФ empty integration_reference
2026-03-16 12:31:56,043 [WARNING] Skipping employee 'Balraj Pawra' (userid: 21) тАФ empty integration_reference
2026-03-16 12:31:56,043 [WARNING] Skipping employee 'Kalpana Birhdhare' (userid: 22) тАФ empty integration_reference
2026-03-16 12:31:56,044 [WARNING] Skipping employee 'Kanti Sisodiya' (userid: 23) тАФ empty integration_reference
2026-03-16 12:31:56,044 [WARNING] Skipping employee 'Kalu Dave' (userid: 24) тАФ empty integration_reference
2026-03-16 12:31:56,044 [WARNING] Skipping employee 'Reema Vasava' (userid: 26) тАФ empty integration_reference
2026-03-16 12:31:56,044 [WARNING] Skipping employee 'Riddhi Makwana' (userid: 27) тАФ empty integration_reference
2026-03-16 12:31:56,044 [WARNING] Skipping employee 'Brijesh Viradiya' (userid: 28) тАФ empty integration_reference
2026-03-16 12:31:56,044 [WARNING] Skipping employee 'Rajendra Prasad' (userid: 30) тАФ empty integration_reference
2026-03-16 12:31:56,045 [WARNING] Skipping employee 'Reena Chaudhari' (userid: 31) тАФ empty integration_reference
2026-03-16 12:31:56,045 [WARNING] Skipping employee 'Janvi Tailor' (userid: 32) тАФ empty integration_reference
2026-03-16 12:31:56,045 [WARNING] Skipping employee 'Suhani Rathod' (userid: 33) тАФ empty integration_reference
2026-03-16 12:31:56,045 [WARNING] Skipping employee 'Malani lisa' (userid: 34) тАФ empty integration_reference
2026-03-16 12:31:56,045 [WARNING] Skipping employee 'Surbhi Vasava' (userid: 35) тАФ empty integration_reference
2026-03-16 12:31:56,045 [WARNING] Skipping employee 'KIRITBHAI LUMBANI' (userid: 36) тАФ empty integration_reference
2026-03-16 12:31:56,046 [WARNING] Skipping employee 'Ahmed' (userid: 37) тАФ empty integration_reference
2026-03-16 12:31:56,046 [WARNING] Skipping employee 'Reena Bhil' (userid: 40) тАФ empty integration_reference
2026-03-16 12:31:56,046 [WARNING] Skipping employee 'Manishaben Ramesh Mistry' (userid: 43) тАФ empty integration_reference
2026-03-16 12:31:56,046 [WARNING] Skipping employee 'Radhaben Makwana' (userid: 44) тАФ empty integration_reference
2026-03-16 12:31:56,046 [WARNING] Skipping employee 'Anju Rathod' (userid: 46) тАФ empty integration_reference
2026-03-16 12:31:56,047 [WARNING] Skipping employee 'NISHA RATHOD' (userid: 48) тАФ empty integration_reference
2026-03-16 12:31:56,047 [WARNING] Skipping employee 'HARESH RATHOD' (userid: 50) тАФ empty integration_reference
2026-03-16 12:31:56,047 [WARNING] Skipping employee 'KAJAL CHAUHAN' (userid: 52) тАФ empty integration_reference
2026-03-16 12:31:56,047 [WARNING] Skipping employee 'SATYARTH PANSURIYA' (userid: 53) тАФ empty integration_reference
2026-03-16 12:31:56,047 [WARNING] Skipping employee 'HARSH MAKWANA' (userid: 54) тАФ empty integration_reference
2026-03-16 12:31:56,048 [WARNING] Skipping employee 'KASHISH AJAY PATEL' (userid: 56) тАФ empty integration_reference
2026-03-16 12:31:56,048 [WARNING] Skipping employee 'KRUSHNA BHAGWAN GHUDE' (userid: 57) тАФ empty integration_reference
2026-03-16 12:31:56,048 [WARNING] Skipping employee 'MITESH TAILOR' (userid: 58) тАФ empty integration_reference
2026-03-16 12:31:56,048 [WARNING] Skipping employee 'HINABEN VASAVA' (userid: 59) тАФ empty integration_reference
2026-03-16 12:31:56,048 [WARNING] Skipping employee 'SHILPABEN PATEL' (userid: 60) тАФ empty integration_reference
2026-03-16 12:31:56,048 [WARNING] Skipping employee 'PRAVINBHAI BHAYANI' (userid: 61) тАФ empty integration_reference
2026-03-16 12:31:56,048 [WARNING] Skipping employee 'DHAVAL SANJANWALA' (userid: 62) тАФ empty integration_reference
2026-03-16 12:31:56,049 [WARNING] Skipping employee 'RUNNI KUMARI' (userid: 63) тАФ empty integration_reference
2026-03-16 12:31:56,049 [WARNING] Skipping employee 'SAKU BEN' (userid: 64) тАФ empty integration_reference
2026-03-16 12:31:56,049 [WARNING] Skipping employee 'SOMABHAI MALI' (userid: 65) тАФ empty integration_reference
2026-03-16 12:31:56,049 [WARNING] Skipping employee 'ANKIT VASAVA' (userid: 66) тАФ empty integration_reference
2026-03-16 12:31:56,049 [WARNING] Skipping employee 'DURGA KUMAVAT' (userid: 67) тАФ empty integration_reference
2026-03-16 12:31:56,049 [WARNING] Skipping employee 'JANKEE BARIA' (userid: 68) тАФ empty integration_reference
2026-03-16 12:31:56,049 [INFO] COSEC: Fetched 50 records. Valid: 2, Skipped (no ref): 48
2026-03-16 12:31:56,049 [INFO] Processing 2 employee record(s)...
2026-03-16 12:31:56,496 [INFO] HRMS login successful.
2026-03-16 12:31:56,604 [INFO] [Harmit Bathani] COSEC punches: 1 | HRMS punches: 1
2026-03-16 12:31:56,605 [INFO] [Harmit Bathani] No new punches. Already in sync.
2026-03-16 12:31:56,754 [INFO] [Mayank Patel] COSEC punches: 4 | HRMS punches: 4
2026-03-16 12:31:56,754 [INFO] [Mayank Patel] No new punches. Already in sync.
2026-03-16 12:31:56,754 [INFO] ============================================================
2026-03-16 12:31:56,754 [INFO] Sync Complete тАФ Total: 2 | Pushed: 0 | In-sync: 2 | Skipped: 0 | Errors: 0
2026-03-16 12:31:56,755 [INFO] ============================================================
2026-03-16 12:34:08,182 [INFO] ============================================================
2026-03-16 12:34:08,182 [INFO] COSEC тЖТ HRMS Attendance Sync Started
2026-03-16 12:34:08,183 [INFO] ============================================================
2026-03-16 12:34:08,573 [WARNING] Skipping employee 'sanket vavaliya' (userid: 03) тАФ empty integration_reference
2026-03-16 12:34:08,574 [WARNING] Skipping employee 'Bhupendra Singh' (userid: 09) тАФ empty integration_reference
2026-03-16 12:34:08,574 [WARNING] Skipping employee 'PALIBEN BHALIYA' (userid: 11) тАФ empty integration_reference
2026-03-16 12:34:08,575 [WARNING] Skipping employee 'Payal Gosh' (userid: 12) тАФ empty integration_reference
2026-03-16 12:34:08,575 [WARNING] Skipping employee 'Diya Patel' (userid: 13) тАФ empty integration_reference
2026-03-16 12:34:08,575 [WARNING] Skipping employee 'Shianta Devi' (userid: 14) тАФ empty integration_reference
2026-03-16 12:34:08,576 [WARNING] Skipping employee 'Tina Vanjara' (userid: 15) тАФ empty integration_reference
2026-03-16 12:34:08,576 [WARNING] Skipping employee 'Uma Devi' (userid: 16) тАФ empty integration_reference
2026-03-16 12:34:08,576 [WARNING] Skipping employee 'Kanti Devi' (userid: 17) тАФ empty integration_reference
2026-03-16 12:34:08,577 [WARNING] Skipping employee 'Sadhana Ahire' (userid: 19) тАФ empty integration_reference
2026-03-16 12:34:08,577 [WARNING] Skipping employee 'Honey Bhalia' (userid: 20) тАФ empty integration_reference
2026-03-16 12:34:08,578 [WARNING] Skipping employee 'Balraj Pawra' (userid: 21) тАФ empty integration_reference
2026-03-16 12:34:08,578 [WARNING] Skipping employee 'Kalpana Birhdhare' (userid: 22) тАФ empty integration_reference
2026-03-16 12:34:08,578 [WARNING] Skipping employee 'Kanti Sisodiya' (userid: 23) тАФ empty integration_reference
2026-03-16 12:34:08,578 [WARNING] Skipping employee 'Kalu Dave' (userid: 24) тАФ empty integration_reference
2026-03-16 12:34:08,579 [WARNING] Skipping employee 'Reema Vasava' (userid: 26) тАФ empty integration_reference
2026-03-16 12:34:08,579 [WARNING] Skipping employee 'Riddhi Makwana' (userid: 27) тАФ empty integration_reference
2026-03-16 12:34:08,579 [WARNING] Skipping employee 'Brijesh Viradiya' (userid: 28) тАФ empty integration_reference
2026-03-16 12:34:08,579 [WARNING] Skipping employee 'Rajendra Prasad' (userid: 30) тАФ empty integration_reference
2026-03-16 12:34:08,579 [WARNING] Skipping employee 'Reena Chaudhari' (userid: 31) тАФ empty integration_reference
2026-03-16 12:34:08,580 [WARNING] Skipping employee 'Janvi Tailor' (userid: 32) тАФ empty integration_reference
2026-03-16 12:34:08,580 [WARNING] Skipping employee 'Suhani Rathod' (userid: 33) тАФ empty integration_reference
2026-03-16 12:34:08,580 [WARNING] Skipping employee 'Malani lisa' (userid: 34) тАФ empty integration_reference
2026-03-16 12:34:08,581 [WARNING] Skipping employee 'Surbhi Vasava' (userid: 35) тАФ empty integration_reference
2026-03-16 12:34:08,581 [WARNING] Skipping employee 'KIRITBHAI LUMBANI' (userid: 36) тАФ empty integration_reference
2026-03-16 12:34:08,581 [WARNING] Skipping employee 'Ahmed' (userid: 37) тАФ empty integration_reference
2026-03-16 12:34:08,581 [WARNING] Skipping employee 'Reena Bhil' (userid: 40) тАФ empty integration_reference
2026-03-16 12:34:08,581 [WARNING] Skipping employee 'Manishaben Ramesh Mistry' (userid: 43) тАФ empty integration_reference
2026-03-16 12:34:08,581 [WARNING] Skipping employee 'Radhaben Makwana' (userid: 44) тАФ empty integration_reference
2026-03-16 12:34:08,581 [WARNING] Skipping employee 'Anju Rathod' (userid: 46) тАФ empty integration_reference
2026-03-16 12:34:08,581 [WARNING] Skipping employee 'NISHA RATHOD' (userid: 48) тАФ empty integration_reference
2026-03-16 12:34:08,581 [WARNING] Skipping employee 'HARESH RATHOD' (userid: 50) тАФ empty integration_reference
2026-03-16 12:34:08,581 [WARNING] Skipping employee 'KAJAL CHAUHAN' (userid: 52) тАФ empty integration_reference
2026-03-16 12:34:08,582 [WARNING] Skipping employee 'SATYARTH PANSURIYA' (userid: 53) тАФ empty integration_reference
2026-03-16 12:34:08,582 [WARNING] Skipping employee 'HARSH MAKWANA' (userid: 54) тАФ empty integration_reference
2026-03-16 12:34:08,582 [WARNING] Skipping employee 'KASHISH AJAY PATEL' (userid: 56) тАФ empty integration_reference
2026-03-16 12:34:08,582 [WARNING] Skipping employee 'KRUSHNA BHAGWAN GHUDE' (userid: 57) тАФ empty integration_reference
2026-03-16 12:34:08,582 [WARNING] Skipping employee 'MITESH TAILOR' (userid: 58) тАФ empty integration_reference
2026-03-16 12:34:08,582 [WARNING] Skipping employee 'HINABEN VASAVA' (userid: 59) тАФ empty integration_reference
2026-03-16 12:34:08,583 [WARNING] Skipping employee 'SHILPABEN PATEL' (userid: 60) тАФ empty integration_reference
2026-03-16 12:34:08,583 [WARNING] Skipping employee 'PRAVINBHAI BHAYANI' (userid: 61) тАФ empty integration_reference
2026-03-16 12:34:08,583 [WARNING] Skipping employee 'DHAVAL SANJANWALA' (userid: 62) тАФ empty integration_reference
2026-03-16 12:34:08,583 [WARNING] Skipping employee 'RUNNI KUMARI' (userid: 63) тАФ empty integration_reference
2026-03-16 12:34:08,583 [WARNING] Skipping employee 'SAKU BEN' (userid: 64) тАФ empty integration_reference
2026-03-16 12:34:08,584 [WARNING] Skipping employee 'SOMABHAI MALI' (userid: 65) тАФ empty integration_reference
2026-03-16 12:34:08,584 [WARNING] Skipping employee 'ANKIT VASAVA' (userid: 66) тАФ empty integration_reference
2026-03-16 12:34:08,584 [WARNING] Skipping employee 'DURGA KUMAVAT' (userid: 67) тАФ empty integration_reference
2026-03-16 12:34:08,584 [WARNING] Skipping employee 'JANKEE BARIA' (userid: 68) тАФ empty integration_reference
2026-03-16 12:34:08,584 [INFO] COSEC: Fetched 50 records. Valid: 2, Skipped (no ref): 48
2026-03-16 12:34:08,584 [INFO] Processing 2 employee record(s)...
2026-03-16 12:34:09,042 [INFO] HRMS login successful.
2026-03-16 12:34:09,127 [INFO] [Harmit Bathani] COSEC punches: 1 | HRMS punches: 1
2026-03-16 12:34:09,128 [INFO] [Harmit Bathani] No new punches. Already in sync.
2026-03-16 12:34:09,268 [INFO] [Mayank Patel] COSEC punches: 4 | HRMS punches: 4
2026-03-16 12:34:09,268 [INFO] [Mayank Patel] No new punches. Already in sync.
2026-03-16 12:34:09,269 [INFO] ============================================================
2026-03-16 12:34:09,269 [INFO] Sync Complete тАФ Total: 2 | Pushed: 0 | In-sync: 2 | Skipped: 0 | Errors: 0
2026-03-16 12:34:09,269 [INFO] ============================================================
2026-03-16 12:35:17,787 [INFO] ============================================================
2026-03-16 12:35:17,787 [INFO] COSEC тЖТ HRMS Attendance Sync Started
2026-03-16 12:35:17,787 [INFO] ============================================================
2026-03-16 12:35:18,191 [WARNING] Skipping employee 'sanket vavaliya' (userid: 03) тАФ empty integration_reference
2026-03-16 12:35:18,191 [WARNING] Skipping employee 'Bhupendra Singh' (userid: 09) тАФ empty integration_reference
2026-03-16 12:35:18,192 [WARNING] Skipping employee 'PALIBEN BHALIYA' (userid: 11) тАФ empty integration_reference
2026-03-16 12:35:18,192 [WARNING] Skipping employee 'Payal Gosh' (userid: 12) тАФ empty integration_reference
2026-03-16 12:35:18,192 [WARNING] Skipping employee 'Diya Patel' (userid: 13) тАФ empty integration_reference
2026-03-16 12:35:18,192 [WARNING] Skipping employee 'Shianta Devi' (userid: 14) тАФ empty integration_reference
2026-03-16 12:35:18,192 [WARNING] Skipping employee 'Tina Vanjara' (userid: 15) тАФ empty integration_reference
2026-03-16 12:35:18,193 [WARNING] Skipping employee 'Uma Devi' (userid: 16) тАФ empty integration_reference
2026-03-16 12:35:18,193 [WARNING] Skipping employee 'Kanti Devi' (userid: 17) тАФ empty integration_reference
2026-03-16 12:35:18,193 [WARNING] Skipping employee 'Sadhana Ahire' (userid: 19) тАФ empty integration_reference
2026-03-16 12:35:18,193 [WARNING] Skipping employee 'Honey Bhalia' (userid: 20) тАФ empty integration_reference
2026-03-16 12:35:18,193 [WARNING] Skipping employee 'Balraj Pawra' (userid: 21) тАФ empty integration_reference
2026-03-16 12:35:18,193 [WARNING] Skipping employee 'Kalpana Birhdhare' (userid: 22) тАФ empty integration_reference
2026-03-16 12:35:18,193 [WARNING] Skipping employee 'Kanti Sisodiya' (userid: 23) тАФ empty integration_reference
2026-03-16 12:35:18,193 [WARNING] Skipping employee 'Kalu Dave' (userid: 24) тАФ empty integration_reference
2026-03-16 12:35:18,194 [WARNING] Skipping employee 'Reema Vasava' (userid: 26) тАФ empty integration_reference
2026-03-16 12:35:18,194 [WARNING] Skipping employee 'Riddhi Makwana' (userid: 27) тАФ empty integration_reference
2026-03-16 12:35:18,194 [WARNING] Skipping employee 'Brijesh Viradiya' (userid: 28) тАФ empty integration_reference
2026-03-16 12:35:18,194 [WARNING] Skipping employee 'Rajendra Prasad' (userid: 30) тАФ empty integration_reference
2026-03-16 12:35:18,194 [WARNING] Skipping employee 'Reena Chaudhari' (userid: 31) тАФ empty integration_reference
2026-03-16 12:35:18,194 [WARNING] Skipping employee 'Janvi Tailor' (userid: 32) тАФ empty integration_reference
2026-03-16 12:35:18,194 [WARNING] Skipping employee 'Suhani Rathod' (userid: 33) тАФ empty integration_reference
2026-03-16 12:35:18,194 [WARNING] Skipping employee 'Malani lisa' (userid: 34) тАФ empty integration_reference
2026-03-16 12:35:18,195 [WARNING] Skipping employee 'Surbhi Vasava' (userid: 35) тАФ empty integration_reference
2026-03-16 12:35:18,195 [WARNING] Skipping employee 'KIRITBHAI LUMBANI' (userid: 36) тАФ empty integration_reference
2026-03-16 12:35:18,195 [WARNING] Skipping employee 'Ahmed' (userid: 37) тАФ empty integration_reference
2026-03-16 12:35:18,195 [WARNING] Skipping employee 'Reena Bhil' (userid: 40) тАФ empty integration_reference
2026-03-16 12:35:18,195 [WARNING] Skipping employee 'Manishaben Ramesh Mistry' (userid: 43) тАФ empty integration_reference
2026-03-16 12:35:18,195 [WARNING] Skipping employee 'Radhaben Makwana' (userid: 44) тАФ empty integration_reference
2026-03-16 12:35:18,195 [WARNING] Skipping employee 'Anju Rathod' (userid: 46) тАФ empty integration_reference
2026-03-16 12:35:18,195 [WARNING] Skipping employee 'NISHA RATHOD' (userid: 48) тАФ empty integration_reference
2026-03-16 12:35:18,195 [WARNING] Skipping employee 'HARESH RATHOD' (userid: 50) тАФ empty integration_reference
2026-03-16 12:35:18,196 [WARNING] Skipping employee 'KAJAL CHAUHAN' (userid: 52) тАФ empty integration_reference
2026-03-16 12:35:18,196 [WARNING] Skipping employee 'SATYARTH PANSURIYA' (userid: 53) тАФ empty integration_reference
2026-03-16 12:35:18,196 [WARNING] Skipping employee 'HARSH MAKWANA' (userid: 54) тАФ empty integration_reference
2026-03-16 12:35:18,196 [WARNING] Skipping employee 'KASHISH AJAY PATEL' (userid: 56) тАФ empty integration_reference
2026-03-16 12:35:18,196 [WARNING] Skipping employee 'KRUSHNA BHAGWAN GHUDE' (userid: 57) тАФ empty integration_reference
2026-03-16 12:35:18,196 [WARNING] Skipping employee 'MITESH TAILOR' (userid: 58) тАФ empty integration_reference
2026-03-16 12:35:18,196 [WARNING] Skipping employee 'HINABEN VASAVA' (userid: 59) тАФ empty integration_reference
2026-03-16 12:35:18,196 [WARNING] Skipping employee 'SHILPABEN PATEL' (userid: 60) тАФ empty integration_reference
2026-03-16 12:35:18,196 [WARNING] Skipping employee 'PRAVINBHAI BHAYANI' (userid: 61) тАФ empty integration_reference
2026-03-16 12:35:18,196 [WARNING] Skipping employee 'DHAVAL SANJANWALA' (userid: 62) тАФ empty integration_reference
2026-03-16 12:35:18,196 [WARNING] Skipping employee 'RUNNI KUMARI' (userid: 63) тАФ empty integration_reference
2026-03-16 12:35:18,196 [WARNING] Skipping employee 'SAKU BEN' (userid: 64) тАФ empty integration_reference
2026-03-16 12:35:18,197 [WARNING] Skipping employee 'SOMABHAI MALI' (userid: 65) тАФ empty integration_reference
2026-03-16 12:35:18,197 [WARNING] Skipping employee 'ANKIT VASAVA' (userid: 66) тАФ empty integration_reference
2026-03-16 12:35:18,197 [WARNING] Skipping employee 'DURGA KUMAVAT' (userid: 67) тАФ empty integration_reference
2026-03-16 12:35:18,197 [WARNING] Skipping employee 'JANKEE BARIA' (userid: 68) тАФ empty integration_reference
2026-03-16 12:35:18,197 [INFO] COSEC: Fetched 50 records. Valid: 2, Skipped (no ref): 48
2026-03-16 12:35:18,197 [INFO] Processing 2 employee record(s)...
2026-03-16 12:35:18,662 [INFO] HRMS login successful.
2026-03-16 12:35:18,738 [INFO] [Harmit Bathani] COSEC punches: 1 | HRMS punches: 1
2026-03-16 12:35:18,739 [INFO] [Harmit Bathani] No new punches. Already in sync.
2026-03-16 12:35:18,846 [INFO] [Mayank Patel] COSEC punches: 4 | HRMS punches: 4
2026-03-16 12:35:18,847 [INFO] [Mayank Patel] No new punches. Already in sync.
2026-03-16 12:35:18,847 [INFO] ============================================================
2026-03-16 12:35:18,848 [INFO] Sync Complete тАФ Total: 2 | Pushed: 0 | In-sync: 2 | Skipped: 0 | Errors: 0
2026-03-16 12:35:18,848 [INFO] ============================================================
2026-03-16 12:45:04,019 [INFO] ============================================================
2026-03-16 12:45:04,020 [INFO] COSEC тЖТ HRMS Attendance Sync Started
2026-03-16 12:45:04,020 [INFO] ============================================================
2026-03-16 12:45:04,442 [WARNING] Skipping employee 'sanket vavaliya' (userid: 03) тАФ empty integration_reference
2026-03-16 12:45:04,442 [WARNING] Skipping employee 'Bhupendra Singh' (userid: 09) тАФ empty integration_reference
2026-03-16 12:45:04,443 [WARNING] Skipping employee 'PALIBEN BHALIYA' (userid: 11) тАФ empty integration_reference
2026-03-16 12:45:04,444 [WARNING] Skipping employee 'Payal Gosh' (userid: 12) тАФ empty integration_reference
2026-03-16 12:45:04,444 [WARNING] Skipping employee 'Diya Patel' (userid: 13) тАФ empty integration_reference
2026-03-16 12:45:04,445 [WARNING] Skipping employee 'Shianta Devi' (userid: 14) тАФ empty integration_reference
2026-03-16 12:45:04,445 [WARNING] Skipping employee 'Tina Vanjara' (userid: 15) тАФ empty integration_reference
2026-03-16 12:45:04,445 [WARNING] Skipping employee 'Uma Devi' (userid: 16) тАФ empty integration_reference
2026-03-16 12:45:04,445 [WARNING] Skipping employee 'Kanti Devi' (userid: 17) тАФ empty integration_reference
2026-03-16 12:45:04,446 [WARNING] Skipping employee 'Sadhana Ahire' (userid: 19) тАФ empty integration_reference
2026-03-16 12:45:04,446 [WARNING] Skipping employee 'Honey Bhalia' (userid: 20) тАФ empty integration_reference
2026-03-16 12:45:04,446 [WARNING] Skipping employee 'Balraj Pawra' (userid: 21) тАФ empty integration_reference
2026-03-16 12:45:04,446 [WARNING] Skipping employee 'Kalpana Birhdhare' (userid: 22) тАФ empty integration_reference
2026-03-16 12:45:04,446 [WARNING] Skipping employee 'Kanti Sisodiya' (userid: 23) тАФ empty integration_reference
2026-03-16 12:45:04,446 [WARNING] Skipping employee 'Kalu Dave' (userid: 24) тАФ empty integration_reference
2026-03-16 12:45:04,447 [WARNING] Skipping employee 'Reema Vasava' (userid: 26) тАФ empty integration_reference
2026-03-16 12:45:04,447 [WARNING] Skipping employee 'Riddhi Makwana' (userid: 27) тАФ empty integration_reference
2026-03-16 12:45:04,447 [WARNING] Skipping employee 'Brijesh Viradiya' (userid: 28) тАФ empty integration_reference
2026-03-16 12:45:04,447 [WARNING] Skipping employee 'Rajendra Prasad' (userid: 30) тАФ empty integration_reference
2026-03-16 12:45:04,447 [WARNING] Skipping employee 'Reena Chaudhari' (userid: 31) тАФ empty integration_reference
2026-03-16 12:45:04,447 [WARNING] Skipping employee 'Janvi Tailor' (userid: 32) тАФ empty integration_reference
2026-03-16 12:45:04,447 [WARNING] Skipping employee 'Suhani Rathod' (userid: 33) тАФ empty integration_reference
2026-03-16 12:45:04,447 [WARNING] Skipping employee 'Malani lisa' (userid: 34) тАФ empty integration_reference
2026-03-16 12:45:04,448 [WARNING] Skipping employee 'Surbhi Vasava' (userid: 35) тАФ empty integration_reference
2026-03-16 12:45:04,448 [WARNING] Skipping employee 'KIRITBHAI LUMBANI' (userid: 36) тАФ empty integration_reference
2026-03-16 12:45:04,448 [WARNING] Skipping employee 'Ahmed' (userid: 37) тАФ empty integration_reference
2026-03-16 12:45:04,448 [WARNING] Skipping employee 'Reena Bhil' (userid: 40) тАФ empty integration_reference
2026-03-16 12:45:04,448 [WARNING] Skipping employee 'Manishaben Ramesh Mistry' (userid: 43) тАФ empty integration_reference
2026-03-16 12:45:04,448 [WARNING] Skipping employee 'Radhaben Makwana' (userid: 44) тАФ empty integration_reference
2026-03-16 12:45:04,449 [WARNING] Skipping employee 'Anju Rathod' (userid: 46) тАФ empty integration_reference
2026-03-16 12:45:04,449 [WARNING] Skipping employee 'NISHA RATHOD' (userid: 48) тАФ empty integration_reference
2026-03-16 12:45:04,450 [WARNING] Skipping employee 'HARESH RATHOD' (userid: 50) тАФ empty integration_reference
2026-03-16 12:45:04,450 [WARNING] Skipping employee 'KAJAL CHAUHAN' (userid: 52) тАФ empty integration_reference
2026-03-16 12:45:04,451 [WARNING] Skipping employee 'SATYARTH PANSURIYA' (userid: 53) тАФ empty integration_reference
2026-03-16 12:45:04,451 [WARNING] Skipping employee 'HARSH MAKWANA' (userid: 54) тАФ empty integration_reference
2026-03-16 12:45:04,452 [WARNING] Skipping employee 'KASHISH AJAY PATEL' (userid: 56) тАФ empty integration_reference
2026-03-16 12:45:04,452 [WARNING] Skipping employee 'KRUSHNA BHAGWAN GHUDE' (userid: 57) тАФ empty integration_reference
2026-03-16 12:45:04,452 [WARNING] Skipping employee 'MITESH TAILOR' (userid: 58) тАФ empty integration_reference
2026-03-16 12:45:04,452 [WARNING] Skipping employee 'HINABEN VASAVA' (userid: 59) тАФ empty integration_reference
2026-03-16 12:45:04,452 [WARNING] Skipping employee 'SHILPABEN PATEL' (userid: 60) тАФ empty integration_reference
2026-03-16 12:45:04,452 [WARNING] Skipping employee 'PRAVINBHAI BHAYANI' (userid: 61) тАФ empty integration_reference
2026-03-16 12:45:04,453 [WARNING] Skipping employee 'DHAVAL SANJANWALA' (userid: 62) тАФ empty integration_reference
2026-03-16 12:45:04,453 [WARNING] Skipping employee 'RUNNI KUMARI' (userid: 63) тАФ empty integration_reference
2026-03-16 12:45:04,453 [WARNING] Skipping employee 'SAKU BEN' (userid: 64) тАФ empty integration_reference
2026-03-16 12:45:04,453 [WARNING] Skipping employee 'SOMABHAI MALI' (userid: 65) тАФ empty integration_reference
2026-03-16 12:45:04,453 [WARNING] Skipping employee 'ANKIT VASAVA' (userid: 66) тАФ empty integration_reference
2026-03-16 12:45:04,453 [WARNING] Skipping employee 'DURGA KUMAVAT' (userid: 67) тАФ empty integration_reference
2026-03-16 12:45:04,453 [WARNING] Skipping employee 'JANKEE BARIA' (userid: 68) тАФ empty integration_reference
2026-03-16 12:45:04,453 [INFO] COSEC: Fetched 50 records. Valid: 2, Skipped (no ref): 48
2026-03-16 12:45:04,454 [INFO] Processing 2 employee record(s)...
2026-03-16 12:45:04,912 [INFO] HRMS login successful.
2026-03-16 12:45:05,024 [INFO] [Harmit Bathani] COSEC punches: 1 | HRMS punches: 1
2026-03-16 12:45:05,024 [INFO] [Harmit Bathani] No new punches. Already in sync.
2026-03-16 12:45:05,186 [INFO] [Mayank Patel] COSEC punches: 5 | HRMS punches: 4
2026-03-16 12:45:05,186 [INFO] [Mayank Patel] 1 new punch(es) to push: ['12:37:15']
2026-03-16 12:45:05,704 [INFO] [Mayank Patel] Punch 5 (Clock-IN) тЬУ тАФ 2026-03-16T12:37:15
2026-03-16 12:45:05,705 [INFO] ============================================================
2026-03-16 12:45:05,706 [INFO] Sync Complete тАФ Total: 2 | Pushed: 0 | In-sync: 1 | Skipped: 0 | Errors: 0
2026-03-16 12:45:05,707 [INFO] ============================================================
2026-03-16 13:13:45,793 [INFO] ============================================================
2026-03-16 13:13:45,793 [INFO] COSEC тЖТ HRMS Attendance Sync Started
2026-03-16 13:13:45,793 [INFO] ============================================================
2026-03-16 13:13:46,205 [WARNING] Skipping employee 'Bhupendra Singh' (userid: 09) тАФ empty integration_reference
2026-03-16 13:13:46,206 [WARNING] Skipping employee 'PALIBEN BHALIYA' (userid: 11) тАФ empty integration_reference
2026-03-16 13:13:46,206 [WARNING] Skipping employee 'Payal Gosh' (userid: 12) тАФ empty integration_reference
2026-03-16 13:13:46,207 [WARNING] Skipping employee 'Diya Patel' (userid: 13) тАФ empty integration_reference
2026-03-16 13:13:46,207 [WARNING] Skipping employee 'Shianta Devi' (userid: 14) тАФ empty integration_reference
2026-03-16 13:13:46,208 [WARNING] Skipping employee 'Tina Vanjara' (userid: 15) тАФ empty integration_reference
2026-03-16 13:13:46,208 [WARNING] Skipping employee 'Uma Devi' (userid: 16) тАФ empty integration_reference
2026-03-16 13:13:46,209 [WARNING] Skipping employee 'Kanti Devi' (userid: 17) тАФ empty integration_reference
2026-03-16 13:13:46,209 [WARNING] Skipping employee 'Sadhana Ahire' (userid: 19) тАФ empty integration_reference
2026-03-16 13:13:46,210 [WARNING] Skipping employee 'Honey Bhalia' (userid: 20) тАФ empty integration_reference
2026-03-16 13:13:46,210 [WARNING] Skipping employee 'Balraj Pawra' (userid: 21) тАФ empty integration_reference
2026-03-16 13:13:46,211 [WARNING] Skipping employee 'Kalpana Birhdhare' (userid: 22) тАФ empty integration_reference
2026-03-16 13:13:46,211 [WARNING] Skipping employee 'Kanti Sisodiya' (userid: 23) тАФ empty integration_reference
2026-03-16 13:13:46,212 [WARNING] Skipping employee 'Kalu Dave' (userid: 24) тАФ empty integration_reference
2026-03-16 13:13:46,212 [WARNING] Skipping employee 'Reema Vasava' (userid: 26) тАФ empty integration_reference
2026-03-16 13:13:46,213 [WARNING] Skipping employee 'Riddhi Makwana' (userid: 27) тАФ empty integration_reference
2026-03-16 13:13:46,214 [WARNING] Skipping employee 'Brijesh Viradiya' (userid: 28) тАФ empty integration_reference
2026-03-16 13:13:46,214 [WARNING] Skipping employee 'Rajendra Prasad' (userid: 30) тАФ empty integration_reference
2026-03-16 13:13:46,214 [WARNING] Skipping employee 'Reena Chaudhari' (userid: 31) тАФ empty integration_reference
2026-03-16 13:13:46,214 [WARNING] Skipping employee 'Janvi Tailor' (userid: 32) тАФ empty integration_reference
2026-03-16 13:13:46,215 [WARNING] Skipping employee 'Suhani Rathod' (userid: 33) тАФ empty integration_reference
2026-03-16 13:13:46,215 [WARNING] Skipping employee 'Malani lisa' (userid: 34) тАФ empty integration_reference
2026-03-16 13:13:46,216 [WARNING] Skipping employee 'Surbhi Vasava' (userid: 35) тАФ empty integration_reference
2026-03-16 13:13:46,216 [WARNING] Skipping employee 'KIRITBHAI LUMBANI' (userid: 36) тАФ empty integration_reference
2026-03-16 13:13:46,217 [WARNING] Skipping employee 'Ahmed' (userid: 37) тАФ empty integration_reference
2026-03-16 13:13:46,218 [WARNING] Skipping employee 'Reena Bhil' (userid: 40) тАФ empty integration_reference
2026-03-16 13:13:46,218 [WARNING] Skipping employee 'Manishaben Ramesh Mistry' (userid: 43) тАФ empty integration_reference
2026-03-16 13:13:46,219 [WARNING] Skipping employee 'Radhaben Makwana' (userid: 44) тАФ empty integration_reference
2026-03-16 13:13:46,219 [WARNING] Skipping employee 'Anju Rathod' (userid: 46) тАФ empty integration_reference
2026-03-16 13:13:46,220 [WARNING] Skipping employee 'NISHA RATHOD' (userid: 48) тАФ empty integration_reference
2026-03-16 13:13:46,220 [WARNING] Skipping employee 'HARESH RATHOD' (userid: 50) тАФ empty integration_reference
2026-03-16 13:13:46,221 [WARNING] Skipping employee 'SATYARTH PANSURIYA' (userid: 53) тАФ empty integration_reference
2026-03-16 13:13:46,221 [WARNING] Skipping employee 'KASHISH AJAY PATEL' (userid: 56) тАФ empty integration_reference
2026-03-16 13:13:46,221 [WARNING] Skipping employee 'KRUSHNA BHAGWAN GHUDE' (userid: 57) тАФ empty integration_reference
2026-03-16 13:13:46,221 [WARNING] Skipping employee 'HINABEN VASAVA' (userid: 59) тАФ empty integration_reference
2026-03-16 13:13:46,222 [WARNING] Skipping employee 'SHILPABEN PATEL' (userid: 60) тАФ empty integration_reference
2026-03-16 13:13:46,222 [WARNING] Skipping employee 'PRAVINBHAI BHAYANI' (userid: 61) тАФ empty integration_reference
2026-03-16 13:13:46,222 [WARNING] Skipping employee 'RUNNI KUMARI' (userid: 63) тАФ empty integration_reference
2026-03-16 13:13:46,222 [WARNING] Skipping employee 'SAKU BEN' (userid: 64) тАФ empty integration_reference
2026-03-16 13:13:46,223 [WARNING] Skipping employee 'SOMABHAI MALI' (userid: 65) тАФ empty integration_reference
2026-03-16 13:13:46,223 [WARNING] Skipping employee 'ANKIT VASAVA' (userid: 66) тАФ empty integration_reference
2026-03-16 13:13:46,223 [INFO] COSEC: Fetched 50 records. Valid: 9, Skipped (no ref): 41
2026-03-16 13:13:46,224 [INFO] Processing 9 employee record(s)...
2026-03-16 13:13:46,699 [INFO] HRMS login successful.
2026-03-16 13:13:46,793 [INFO] [sanket vavaliya] COSEC punches: 1 | HRMS punches: 0
2026-03-16 13:13:46,793 [INFO] [sanket vavaliya] 1 new punch(es) to push: ['09:18:37']
2026-03-16 13:13:47,534 [INFO] [sanket vavaliya] Punch 1 (Clock-IN) тЬУ тАФ 2026-03-16T09:18:37
2026-03-16 13:13:47,632 [INFO] [Harmit Bathani] COSEC punches: 1 | HRMS punches: 1
2026-03-16 13:13:47,632 [INFO] [Harmit Bathani] No new punches. Already in sync.
2026-03-16 13:13:47,744 [INFO] [Mayank Patel] COSEC punches: 5 | HRMS punches: 5
2026-03-16 13:13:47,744 [INFO] [Mayank Patel] No new punches. Already in sync.
2026-03-16 13:13:47,841 [INFO] [KAJAL CHAUHAN] COSEC punches: 1 | HRMS punches: 0
2026-03-16 13:13:47,842 [INFO] [KAJAL CHAUHAN] 1 new punch(es) to push: ['09:54:58']
2026-03-16 13:13:48,476 [INFO] [KAJAL CHAUHAN] Punch 1 (Clock-IN) тЬУ тАФ 2026-03-16T09:54:58
2026-03-16 13:13:48,571 [INFO] [HARSH MAKWANA] COSEC punches: 1 | HRMS punches: 0
2026-03-16 13:13:48,572 [INFO] [HARSH MAKWANA] 1 new punch(es) to push: ['08:48:57']
2026-03-16 13:13:49,105 [INFO] [HARSH MAKWANA] Punch 1 (Clock-IN) тЬУ тАФ 2026-03-16T08:48:57
2026-03-16 13:13:49,106 [INFO] [MITESH TAILOR] No punches in COSEC today. Skipping.
2026-03-16 13:13:49,211 [INFO] [DHAVAL SANJANWALA] COSEC punches: 1 | HRMS punches: 0
2026-03-16 13:13:49,211 [INFO] [DHAVAL SANJANWALA] 1 new punch(es) to push: ['08:48:53']
2026-03-16 13:13:49,742 [INFO] [DHAVAL SANJANWALA] Punch 1 (Clock-IN) тЬУ тАФ 2026-03-16T08:48:53
2026-03-16 13:13:49,853 [INFO] [DURGA KUMAVAT] COSEC punches: 1 | HRMS punches: 0
2026-03-16 13:13:49,853 [INFO] [DURGA KUMAVAT] 1 new punch(es) to push: ['08:59:48']
2026-03-16 13:13:50,354 [INFO] [DURGA KUMAVAT] Punch 1 (Clock-IN) тЬУ тАФ 2026-03-16T08:59:48
2026-03-16 13:13:50,467 [INFO] [JANKEE BARIA] COSEC punches: 1 | HRMS punches: 0
2026-03-16 13:13:50,468 [INFO] [JANKEE BARIA] 1 new punch(es) to push: ['08:58:17']
2026-03-16 13:13:51,007 [INFO] [JANKEE BARIA] Punch 1 (Clock-IN) тЬУ тАФ 2026-03-16T08:58:17
2026-03-16 13:13:51,008 [INFO] ============================================================
2026-03-16 13:13:51,008 [INFO] Sync Complete тАФ Total: 9 | Pushed: 0 | In-sync: 2 | Skipped: 1 | Errors: 0
2026-03-16 13:13:51,009 [INFO] ============================================================
2026-03-16 18:14:22,534 [INFO] ============================================================
2026-03-16 18:14:22,534 [INFO] COSEC тЖТ HRMS Attendance Sync Started
2026-03-16 18:14:22,535 [INFO] ============================================================
2026-03-16 18:14:22,920 [WARNING] Skipping employee 'Bhupendra Singh' (userid: 09) тАФ empty integration_reference
2026-03-16 18:14:22,921 [WARNING] Skipping employee 'PALIBEN BHALIYA' (userid: 11) тАФ empty integration_reference
2026-03-16 18:14:22,922 [WARNING] Skipping employee 'Payal Gosh' (userid: 12) тАФ empty integration_reference
2026-03-16 18:14:22,922 [WARNING] Skipping employee 'Diya Patel' (userid: 13) тАФ empty integration_reference
2026-03-16 18:14:22,923 [WARNING] Skipping employee 'Shianta Devi' (userid: 14) тАФ empty integration_reference
2026-03-16 18:14:22,923 [WARNING] Skipping employee 'Tina Vanjara' (userid: 15) тАФ empty integration_reference
2026-03-16 18:14:22,923 [WARNING] Skipping employee 'Uma Devi' (userid: 16) тАФ empty integration_reference
2026-03-16 18:14:22,924 [WARNING] Skipping employee 'Kanti Devi' (userid: 17) тАФ empty integration_reference
2026-03-16 18:14:22,924 [WARNING] Skipping employee 'Sadhana Ahire' (userid: 19) тАФ empty integration_reference
2026-03-16 18:14:22,924 [WARNING] Skipping employee 'Honey Bhalia' (userid: 20) тАФ empty integration_reference
2026-03-16 18:14:22,924 [WARNING] Skipping employee 'Balraj Pawra' (userid: 21) тАФ empty integration_reference
2026-03-16 18:14:22,924 [WARNING] Skipping employee 'Kalpana Birhdhare' (userid: 22) тАФ empty integration_reference
2026-03-16 18:14:22,924 [WARNING] Skipping employee 'Kanti Sisodiya' (userid: 23) тАФ empty integration_reference
2026-03-16 18:14:22,924 [WARNING] Skipping employee 'Kalu Dave' (userid: 24) тАФ empty integration_reference
2026-03-16 18:14:22,924 [WARNING] Skipping employee 'Reema Vasava' (userid: 26) тАФ empty integration_reference
2026-03-16 18:14:22,925 [WARNING] Skipping employee 'Riddhi Makwana' (userid: 27) тАФ empty integration_reference
2026-03-16 18:14:22,925 [WARNING] Skipping employee 'Brijesh Viradiya' (userid: 28) тАФ empty integration_reference
2026-03-16 18:14:22,925 [WARNING] Skipping employee 'Rajendra Prasad' (userid: 30) тАФ empty integration_reference
2026-03-16 18:14:22,925 [WARNING] Skipping employee 'Reena Chaudhari' (userid: 31) тАФ empty integration_reference
2026-03-16 18:14:22,925 [WARNING] Skipping employee 'Janvi Tailor' (userid: 32) тАФ empty integration_reference
2026-03-16 18:14:22,925 [WARNING] Skipping employee 'Suhani Rathod' (userid: 33) тАФ empty integration_reference
2026-03-16 18:14:22,925 [WARNING] Skipping employee 'Malani lisa' (userid: 34) тАФ empty integration_reference
2026-03-16 18:14:22,925 [WARNING] Skipping employee 'Surbhi Vasava' (userid: 35) тАФ empty integration_reference
2026-03-16 18:14:22,925 [WARNING] Skipping employee 'KIRITBHAI LUMBANI' (userid: 36) тАФ empty integration_reference
2026-03-16 18:14:22,925 [WARNING] Skipping employee 'Ahmed' (userid: 37) тАФ empty integration_reference
2026-03-16 18:14:22,925 [WARNING] Skipping employee 'Reena Bhil' (userid: 40) тАФ empty integration_reference
2026-03-16 18:14:22,926 [WARNING] Skipping employee 'Manishaben Ramesh Mistry' (userid: 43) тАФ empty integration_reference
2026-03-16 18:14:22,926 [WARNING] Skipping employee 'Radhaben Makwana' (userid: 44) тАФ empty integration_reference
2026-03-16 18:14:22,926 [WARNING] Skipping employee 'Anju Rathod' (userid: 46) тАФ empty integration_reference
2026-03-16 18:14:22,926 [WARNING] Skipping employee 'NISHA RATHOD' (userid: 48) тАФ empty integration_reference
2026-03-16 18:14:22,926 [WARNING] Skipping employee 'HARESH RATHOD' (userid: 50) тАФ empty integration_reference
2026-03-16 18:14:22,926 [WARNING] Skipping employee 'SATYARTH PANSURIYA' (userid: 53) тАФ empty integration_reference
2026-03-16 18:14:22,926 [WARNING] Skipping employee 'KASHISH AJAY PATEL' (userid: 56) тАФ empty integration_reference
2026-03-16 18:14:22,926 [WARNING] Skipping employee 'KRUSHNA BHAGWAN GHUDE' (userid: 57) тАФ empty integration_reference
2026-03-16 18:14:22,926 [WARNING] Skipping employee 'HINABEN VASAVA' (userid: 59) тАФ empty integration_reference
2026-03-16 18:14:22,926 [WARNING] Skipping employee 'SHILPABEN PATEL' (userid: 60) тАФ empty integration_reference
2026-03-16 18:14:22,926 [WARNING] Skipping employee 'PRAVINBHAI BHAYANI' (userid: 61) тАФ empty integration_reference
2026-03-16 18:14:22,927 [WARNING] Skipping employee 'RUNNI KUMARI' (userid: 63) тАФ empty integration_reference
2026-03-16 18:14:22,927 [WARNING] Skipping employee 'SAKU BEN' (userid: 64) тАФ empty integration_reference
2026-03-16 18:14:22,927 [WARNING] Skipping employee 'SOMABHAI MALI' (userid: 65) тАФ empty integration_reference
2026-03-16 18:14:22,927 [WARNING] Skipping employee 'ANKIT VASAVA' (userid: 66) тАФ empty integration_reference
2026-03-16 18:14:22,927 [INFO] COSEC: Fetched 50 records. Valid: 9, Skipped (no ref): 41
2026-03-16 18:14:22,927 [INFO] Processing 9 employee record(s)...
2026-03-16 18:14:23,390 [INFO] HRMS login successful.
2026-03-16 18:14:23,480 [INFO] [sanket vavaliya] COSEC punches: 2 | HRMS punches: 1
2026-03-16 18:14:23,481 [INFO] [sanket vavaliya] 1 new punch(es) to push: ['18:00:00']
2026-03-16 18:14:23,947 [INFO] [sanket vavaliya] Punch 2 (Clock-OUT) тЬУ тАФ 2026-03-16T18:00:00
2026-03-16 18:14:24,079 [INFO] [Harmit Bathani] COSEC punches: 2 | HRMS punches: 1
2026-03-16 18:14:24,079 [INFO] [Harmit Bathani] 1 new punch(es) to push: ['17:59:56']
2026-03-16 18:14:24,614 [INFO] [Harmit Bathani] Punch 2 (Clock-OUT) тЬУ тАФ 2026-03-16T17:59:56
2026-03-16 18:14:24,713 [INFO] [Mayank Patel] COSEC punches: 5 | HRMS punches: 5
2026-03-16 18:14:24,713 [INFO] [Mayank Patel] No new punches. Already in sync.
2026-03-16 18:14:24,796 [INFO] [KAJAL CHAUHAN] COSEC punches: 1 | HRMS punches: 1
2026-03-16 18:14:24,796 [INFO] [KAJAL CHAUHAN] No new punches. Already in sync.
2026-03-16 18:14:24,888 [INFO] [HARSH MAKWANA] COSEC punches: 1 | HRMS punches: 1
2026-03-16 18:14:24,888 [INFO] [HARSH MAKWANA] No new punches. Already in sync.
2026-03-16 18:14:24,996 [INFO] [MITESH TAILOR] COSEC punches: 1 | HRMS punches: 0
2026-03-16 18:14:24,996 [INFO] [MITESH TAILOR] 1 new punch(es) to push: ['13:18:45']
2026-03-16 18:14:25,538 [INFO] [MITESH TAILOR] Punch 1 (Clock-IN) тЬУ тАФ 2026-03-16T13:18:45
2026-03-16 18:14:25,637 [INFO] [DHAVAL SANJANWALA] COSEC punches: 1 | HRMS punches: 1
2026-03-16 18:14:25,638 [INFO] [DHAVAL SANJANWALA] No new punches. Already in sync.
2026-03-16 18:14:25,746 [INFO] [DURGA KUMAVAT] COSEC punches: 2 | HRMS punches: 1
2026-03-16 18:14:25,746 [INFO] [DURGA KUMAVAT] 1 new punch(es) to push: ['17:55:04']
2026-03-16 18:14:26,281 [INFO] [DURGA KUMAVAT] Punch 2 (Clock-OUT) тЬУ тАФ 2026-03-16T17:55:04
2026-03-16 18:14:26,379 [INFO] [JANKEE BARIA] COSEC punches: 2 | HRMS punches: 1
2026-03-16 18:14:26,380 [INFO] [JANKEE BARIA] 1 new punch(es) to push: ['17:56:12']
2026-03-16 18:14:26,905 [INFO] [JANKEE BARIA] Punch 2 (Clock-OUT) тЬУ тАФ 2026-03-16T17:56:12
2026-03-16 18:14:26,906 [INFO] ============================================================
2026-03-16 18:14:26,906 [INFO] Sync Complete тАФ Total: 9 | Pushed: 0 | In-sync: 4 | Skipped: 0 | Errors: 0
2026-03-16 18:14:26,907 [INFO] ============================================================
